2024-10-12 11:20:51,032 - root - INFO - READING DATA_GRID FILE...
2024-10-12 11:20:51,047 - root - INFO - Successfully loaded data_grid file: ops/10121120-ADA-L.json
2024-10-12 11:20:51,056 - urllib3.connectionpool - DEBUG - Starting new HTTPS connection (1): api.binance.com:443
2024-10-12 11:20:51,428 - urllib3.connectionpool - DEBUG - https://api.binance.com:443 "GET /api/v3/ping HTTP/11" 200 2
2024-10-12 11:20:51,429 - root - INFO - POSTING ENTRY ORDER TO BINANCE...
2024-10-12 11:20:51,433 - urllib3.connectionpool - DEBUG - Starting new HTTPS connection (1): fapi.binance.com:443
2024-10-12 11:20:52,514 - urllib3.connectionpool - DEBUG - https://fapi.binance.com:443 "POST /fapi/v1/order?newClientOrderId=IN_10121120-ADA-L_50b85&positionSide=LONG&price=0.339&quantity=0&side=BUY&symbol=ADAUSDT&timeInForce=GTC&timestamp=1728746451430&type=LIMIT&signature=2c0a54d5fdb010464d96adade5252475069c93c92b0ebb2ee9cebcdc29cdfa26 HTTP/11" 400 59
2024-10-12 11:20:52,516 - root - ERROR - Error placing entry_line order: {'entry': 'IN', 'side': 'BUY', 'position_side': 'LONG', 'price': 0.339, 'quantity': 0, 'cost': 0.0, 'order_id': 0, 'status': 'NEW', 'client_order_id': ''} 
 APIError(code=-4003): Quantity less than or equal to zero.
Traceback (most recent call last):
  File "/Users/eddysan/Documents/LUBinance_dev/packages.py", line 342, in post_entry_order
    response = self.client.futures_create_order(
               ^^^^^^^^^^^^^^^^^^^^^^^^^^^^^^^^^
  File "/opt/anaconda3/lib/python3.12/site-packages/binance/client.py", line 6504, in futures_create_order
    return self._request_futures_api('post', 'order', True, data=params)
           ^^^^^^^^^^^^^^^^^^^^^^^^^^^^^^^^^^^^^^^^^^^^^^^^^^^^^^^^^^^^^
  File "/opt/anaconda3/lib/python3.12/site-packages/binance/client.py", line 383, in _request_futures_api
    return self._request(method, uri, signed, True, **kwargs)
           ^^^^^^^^^^^^^^^^^^^^^^^^^^^^^^^^^^^^^^^^^^^^^^^^^^
  File "/opt/anaconda3/lib/python3.12/site-packages/binance/client.py", line 359, in _request
    return self._handle_response(self.response)
           ^^^^^^^^^^^^^^^^^^^^^^^^^^^^^^^^^^^^
  File "/opt/anaconda3/lib/python3.12/site-packages/binance/client.py", line 368, in _handle_response
    raise BinanceAPIException(response, response.status_code, response.text)
binance.exceptions.BinanceAPIException: APIError(code=-4003): Quantity less than or equal to zero.
2024-10-12 11:20:52,531 - root - INFO - GENERATING DATA_GRID...
2024-10-12 11:22:40,169 - urllib3.connectionpool - DEBUG - Starting new HTTPS connection (1): api.binance.com:443
2024-10-12 11:22:40,598 - urllib3.connectionpool - DEBUG - https://api.binance.com:443 "GET /api/v3/ping HTTP/11" 200 2
2024-10-12 11:22:45,746 - urllib3.connectionpool - DEBUG - Starting new HTTPS connection (1): fapi.binance.com:443
2024-10-12 11:22:47,213 - urllib3.connectionpool - DEBUG - https://fapi.binance.com:443 "GET /fapi/v1/exchangeInfo HTTP/11" 200 None
2024-10-12 11:23:11,366 - root - INFO - READING DATA_GRID FILE...
2024-10-12 11:23:11,367 - root - INFO - Successfully loaded data_grid file: ops/10121123-ADA-L.json
2024-10-12 11:23:11,370 - urllib3.connectionpool - DEBUG - Starting new HTTPS connection (1): api.binance.com:443
2024-10-12 11:23:11,709 - urllib3.connectionpool - DEBUG - https://api.binance.com:443 "GET /api/v3/ping HTTP/11" 200 2
2024-10-12 11:23:11,710 - root - INFO - POSTING ENTRY ORDER TO BINANCE...
2024-10-12 11:23:11,714 - urllib3.connectionpool - DEBUG - Starting new HTTPS connection (1): fapi.binance.com:443
2024-10-12 11:23:12,593 - urllib3.connectionpool - DEBUG - https://fapi.binance.com:443 "POST /fapi/v1/order?newClientOrderId=IN_10121123-ADA-L_c7e01&positionSide=LONG&price=0.339&quantity=27.0&side=BUY&symbol=ADAUSDT&timeInForce=GTC&timestamp=1728746591711&type=LIMIT&signature=789071ec51cf6c0202d8a10bb02feb91b4f948c8847dbe72502321ed3c660d99 HTTP/11" 200 None
2024-10-12 11:23:12,594 - root - DEBUG - entry_line posted to binance: {'entry': 'IN', 'side': 'BUY', 'position_side': 'LONG', 'price': 0.339, 'quantity': 27.0, 'cost': 9.15, 'order_id': 44806471228, 'status': 'NEW', 'client_order_id': 'IN_10121123-ADA-L_c7e01'}
2024-10-12 11:23:12,596 - root - DEBUG - Binance response: {'orderId': 44806471228, 'symbol': 'ADAUSDT', 'status': 'NEW', 'clientOrderId': 'IN_10121123-ADA-L_c7e01', 'price': '0.33900', 'avgPrice': '0.00', 'origQty': '27', 'executedQty': '0', 'cumQty': '0', 'cumQuote': '0.00000', 'timeInForce': 'GTC', 'type': 'LIMIT', 'reduceOnly': False, 'closePosition': False, 'side': 'BUY', 'positionSide': 'LONG', 'stopPrice': '0.00000', 'workingType': 'CONTRACT_PRICE', 'priceProtect': False, 'origType': 'LIMIT', 'priceMatch': 'NONE', 'selfTradePreventionMode': 'NONE', 'goodTillDate': 0, 'updateTime': 1728746593075}
2024-10-12 11:23:12,597 - root - INFO - GENERATING DATA_GRID...
2024-10-12 11:23:12,598 - root - DEBUG - data_grid[grid_body]: [{'entry': 1, 'side': 'BUY', 'position_side': 'LONG', 'price': 0.3322, 'quantity': 38.0, 'cost': 12.56}, {'entry': 2, 'side': 'BUY', 'position_side': 'LONG', 'price': 0.3256, 'quantity': 53.0, 'cost': 17.23}, {'entry': 3, 'side': 'BUY', 'position_side': 'LONG', 'price': 0.3191, 'quantity': 74.0, 'cost': 23.64}, {'entry': 4, 'side': 'BUY', 'position_side': 'LONG', 'price': 0.3127, 'quantity': 104.0, 'cost': 32.43}, {'entry': 5, 'side': 'BUY', 'position_side': 'LONG', 'price': 0.3064, 'quantity': 145.0, 'cost': 44.5}, {'entry': 6, 'side': 'BUY', 'position_side': 'LONG', 'price': 0.3003, 'quantity': 203.0, 'cost': 61.05}]
2024-10-12 11:23:12,600 - root - DEBUG - data_grid[stop_loss_line]: {'entry': 'SL', 'side': 'SELL', 'position_side': 'LONG', 'distance': 0.1271, 'price': 0.2959, 'quantity': 0, 'cost': 0, 'order_id': 0, 'status': 'NEW', 'client_order_id': ''}
2024-10-12 11:23:12,601 - root - DEBUG - data_grid[take_profit_line]: {'entry': 'TP', 'side': 'SELL', 'position_side': 'LONG', 'distance': 0.05, 'price': 0.356, 'quantity': 0, 'cost': 0, 'order_id': 0, 'status': 'NEW', 'client_order_id': ''}
2024-10-12 11:23:12,602 - root - INFO - Grid generation completed. Stop loss at 0.2959, take profit at 0.356
2024-10-12 11:23:12,603 - root - INFO - POSTING GRID_BODY TO BINANCE...
2024-10-12 11:23:13,370 - urllib3.connectionpool - DEBUG - https://fapi.binance.com:443 "POST /fapi/v1/order?newClientOrderId=GD_10121123-ADA-L_74140&positionSide=LONG&price=0.3322&quantity=38.0&side=BUY&symbol=ADAUSDT&timeInForce=GTC&timestamp=1728746592605&type=LIMIT&signature=9862c7738503f0e895aa26c22722f279d752e6c5cc091fa3c311421395739873 HTTP/11" 200 None
2024-10-12 11:23:13,383 - root - DEBUG - Posting grid line to binance: {'entry': 1, 'side': 'BUY', 'position_side': 'LONG', 'price': 0.3322, 'quantity': 38.0, 'cost': 12.56, 'order_id': 44806471322, 'status': 'NEW', 'client_order_id': 'GD_10121123-ADA-L_74140'}
2024-10-12 11:23:13,384 - root - DEBUG - Binance response: {'orderId': 44806471322, 'symbol': 'ADAUSDT', 'status': 'NEW', 'clientOrderId': 'GD_10121123-ADA-L_74140', 'price': '0.33220', 'avgPrice': '0.00', 'origQty': '38', 'executedQty': '0', 'cumQty': '0', 'cumQuote': '0.00000', 'timeInForce': 'GTC', 'type': 'LIMIT', 'reduceOnly': False, 'closePosition': False, 'side': 'BUY', 'positionSide': 'LONG', 'stopPrice': '0.00000', 'workingType': 'CONTRACT_PRICE', 'priceProtect': False, 'origType': 'LIMIT', 'priceMatch': 'NONE', 'selfTradePreventionMode': 'NONE', 'goodTillDate': 0, 'updateTime': 1728746593853}
2024-10-12 11:23:14,159 - urllib3.connectionpool - DEBUG - https://fapi.binance.com:443 "POST /fapi/v1/order?newClientOrderId=GD_10121123-ADA-L_d4d33&positionSide=LONG&price=0.3256&quantity=53.0&side=BUY&symbol=ADAUSDT&timeInForce=GTC&timestamp=1728746593385&type=LIMIT&signature=355b9a9c069ae93655a45cc6fc5bd2c040ba56074a33ae1c83e75671fde0d864 HTTP/11" 200 None
2024-10-12 11:23:14,160 - root - DEBUG - Posting grid line to binance: {'entry': 2, 'side': 'BUY', 'position_side': 'LONG', 'price': 0.3256, 'quantity': 53.0, 'cost': 17.23, 'order_id': 44806471369, 'status': 'NEW', 'client_order_id': 'GD_10121123-ADA-L_d4d33'}
2024-10-12 11:23:14,161 - root - DEBUG - Binance response: {'orderId': 44806471369, 'symbol': 'ADAUSDT', 'status': 'NEW', 'clientOrderId': 'GD_10121123-ADA-L_d4d33', 'price': '0.32560', 'avgPrice': '0.00', 'origQty': '53', 'executedQty': '0', 'cumQty': '0', 'cumQuote': '0.00000', 'timeInForce': 'GTC', 'type': 'LIMIT', 'reduceOnly': False, 'closePosition': False, 'side': 'BUY', 'positionSide': 'LONG', 'stopPrice': '0.00000', 'workingType': 'CONTRACT_PRICE', 'priceProtect': False, 'origType': 'LIMIT', 'priceMatch': 'NONE', 'selfTradePreventionMode': 'NONE', 'goodTillDate': 0, 'updateTime': 1728746594637}
2024-10-12 11:23:14,947 - urllib3.connectionpool - DEBUG - https://fapi.binance.com:443 "POST /fapi/v1/order?newClientOrderId=GD_10121123-ADA-L_88549&positionSide=LONG&price=0.3191&quantity=74.0&side=BUY&symbol=ADAUSDT&timeInForce=GTC&timestamp=1728746594163&type=LIMIT&signature=caa1a16b1768c2b3b8c0cc3553d47adfb272f9c54e4d27f5dabd8633d3a14406 HTTP/11" 200 None
2024-10-12 11:23:14,952 - root - DEBUG - Posting grid line to binance: {'entry': 3, 'side': 'BUY', 'position_side': 'LONG', 'price': 0.3191, 'quantity': 74.0, 'cost': 23.64, 'order_id': 44806471418, 'status': 'NEW', 'client_order_id': 'GD_10121123-ADA-L_88549'}
2024-10-12 11:23:14,956 - root - DEBUG - Binance response: {'orderId': 44806471418, 'symbol': 'ADAUSDT', 'status': 'NEW', 'clientOrderId': 'GD_10121123-ADA-L_88549', 'price': '0.31910', 'avgPrice': '0.00', 'origQty': '74', 'executedQty': '0', 'cumQty': '0', 'cumQuote': '0.00000', 'timeInForce': 'GTC', 'type': 'LIMIT', 'reduceOnly': False, 'closePosition': False, 'side': 'BUY', 'positionSide': 'LONG', 'stopPrice': '0.00000', 'workingType': 'CONTRACT_PRICE', 'priceProtect': False, 'origType': 'LIMIT', 'priceMatch': 'NONE', 'selfTradePreventionMode': 'NONE', 'goodTillDate': 0, 'updateTime': 1728746595425}
2024-10-12 11:23:15,845 - urllib3.connectionpool - DEBUG - https://fapi.binance.com:443 "POST /fapi/v1/order?newClientOrderId=GD_10121123-ADA-L_ac14e&positionSide=LONG&price=0.3127&quantity=104.0&side=BUY&symbol=ADAUSDT&timeInForce=GTC&timestamp=1728746594967&type=LIMIT&signature=ef2009df18a62538532d496480d8c797394f2dadecd016e2f1d80a9a471f617f HTTP/11" 200 None
2024-10-12 11:23:15,846 - root - DEBUG - Posting grid line to binance: {'entry': 4, 'side': 'BUY', 'position_side': 'LONG', 'price': 0.3127, 'quantity': 104.0, 'cost': 32.43, 'order_id': 44806471503, 'status': 'NEW', 'client_order_id': 'GD_10121123-ADA-L_ac14e'}
2024-10-12 11:23:15,847 - root - DEBUG - Binance response: {'orderId': 44806471503, 'symbol': 'ADAUSDT', 'status': 'NEW', 'clientOrderId': 'GD_10121123-ADA-L_ac14e', 'price': '0.31270', 'avgPrice': '0.00', 'origQty': '104', 'executedQty': '0', 'cumQty': '0', 'cumQuote': '0.00000', 'timeInForce': 'GTC', 'type': 'LIMIT', 'reduceOnly': False, 'closePosition': False, 'side': 'BUY', 'positionSide': 'LONG', 'stopPrice': '0.00000', 'workingType': 'CONTRACT_PRICE', 'priceProtect': False, 'origType': 'LIMIT', 'priceMatch': 'NONE', 'selfTradePreventionMode': 'NONE', 'goodTillDate': 0, 'updateTime': 1728746596224}
2024-10-12 11:23:16,628 - urllib3.connectionpool - DEBUG - https://fapi.binance.com:443 "POST /fapi/v1/order?newClientOrderId=GD_10121123-ADA-L_8fc28&positionSide=LONG&price=0.3064&quantity=145.0&side=BUY&symbol=ADAUSDT&timeInForce=GTC&timestamp=1728746595848&type=LIMIT&signature=0a7cd4d14c5774faa870018bd263c071fefa03dacb0b5852bb839e03325fa19b HTTP/11" 200 None
2024-10-12 11:23:16,630 - root - DEBUG - Posting grid line to binance: {'entry': 5, 'side': 'BUY', 'position_side': 'LONG', 'price': 0.3064, 'quantity': 145.0, 'cost': 44.5, 'order_id': 44806471578, 'status': 'NEW', 'client_order_id': 'GD_10121123-ADA-L_8fc28'}
2024-10-12 11:23:16,631 - root - DEBUG - Binance response: {'orderId': 44806471578, 'symbol': 'ADAUSDT', 'status': 'NEW', 'clientOrderId': 'GD_10121123-ADA-L_8fc28', 'price': '0.30640', 'avgPrice': '0.00', 'origQty': '145', 'executedQty': '0', 'cumQty': '0', 'cumQuote': '0.00000', 'timeInForce': 'GTC', 'type': 'LIMIT', 'reduceOnly': False, 'closePosition': False, 'side': 'BUY', 'positionSide': 'LONG', 'stopPrice': '0.00000', 'workingType': 'CONTRACT_PRICE', 'priceProtect': False, 'origType': 'LIMIT', 'priceMatch': 'NONE', 'selfTradePreventionMode': 'NONE', 'goodTillDate': 0, 'updateTime': 1728746597098}
2024-10-12 11:23:17,661 - urllib3.connectionpool - DEBUG - https://fapi.binance.com:443 "POST /fapi/v1/order?newClientOrderId=GD_10121123-ADA-L_63348&positionSide=LONG&price=0.3003&quantity=203.0&side=BUY&symbol=ADAUSDT&timeInForce=GTC&timestamp=1728746596633&type=LIMIT&signature=a44b48f7c5326fbfe0c1f3ecf5bc521296eebbf58bb168d5df4e26bc3ce44367 HTTP/11" 200 None
2024-10-12 11:23:17,663 - root - DEBUG - Posting grid line to binance: {'entry': 6, 'side': 'BUY', 'position_side': 'LONG', 'price': 0.3003, 'quantity': 203.0, 'cost': 61.05, 'order_id': 44806471722, 'status': 'NEW', 'client_order_id': 'GD_10121123-ADA-L_63348'}
2024-10-12 11:23:17,664 - root - DEBUG - Binance response: {'orderId': 44806471722, 'symbol': 'ADAUSDT', 'status': 'NEW', 'clientOrderId': 'GD_10121123-ADA-L_63348', 'price': '0.30030', 'avgPrice': '0.00', 'origQty': '203', 'executedQty': '0', 'cumQty': '0', 'cumQuote': '0.00000', 'timeInForce': 'GTC', 'type': 'LIMIT', 'reduceOnly': False, 'closePosition': False, 'side': 'BUY', 'positionSide': 'LONG', 'stopPrice': '0.00000', 'workingType': 'CONTRACT_PRICE', 'priceProtect': False, 'origType': 'LIMIT', 'priceMatch': 'NONE', 'selfTradePreventionMode': 'NONE', 'goodTillDate': 0, 'updateTime': 1728746598135}
2024-10-12 11:23:17,666 - root - INFO - POSTING STOP LOSS ORDER TO BINANCE...
2024-10-12 11:23:17,968 - urllib3.connectionpool - DEBUG - https://fapi.binance.com:443 "POST /fapi/v1/order?closePosition=True&newClientOrderId=SL_10121123-ADA-L_7303c&positionSide=LONG&side=SELL&stopPrice=0.2959&symbol=ADAUSDT&timestamp=1728746597668&type=STOP_MARKET&signature=e089df92407dfa01a25189fbc24cd995ba39b3ffe6e30cae2a6992203eb35e08 HTTP/11" 200 None
2024-10-12 11:23:17,971 - root - DEBUG - stop_loss_line posted to binance: {'entry': 'SL', 'side': 'SELL', 'position_side': 'LONG', 'distance': 0.1271, 'price': 0.2959, 'quantity': 0, 'cost': 0, 'order_id': 44806471781, 'status': 'NEW', 'client_order_id': 'SL_10121123-ADA-L_7303c'}
2024-10-12 11:23:17,974 - root - DEBUG - stop_loss_line binance response: {'orderId': 44806471781, 'symbol': 'ADAUSDT', 'status': 'NEW', 'clientOrderId': 'SL_10121123-ADA-L_7303c', 'price': '0.00000', 'avgPrice': '0.00', 'origQty': '0', 'executedQty': '0', 'cumQty': '0', 'cumQuote': '0.00000', 'timeInForce': 'GTC', 'type': 'STOP_MARKET', 'reduceOnly': True, 'closePosition': True, 'side': 'SELL', 'positionSide': 'LONG', 'stopPrice': '0.29590', 'workingType': 'CONTRACT_PRICE', 'priceProtect': False, 'origType': 'STOP_MARKET', 'priceMatch': 'NONE', 'selfTradePreventionMode': 'NONE', 'goodTillDate': 0, 'updateTime': 1728746598445}
2024-10-12 11:23:17,979 - root - INFO - POSTING TAKE PROFIT ORDER TO BINANCE...
2024-10-12 11:23:19,015 - urllib3.connectionpool - DEBUG - https://fapi.binance.com:443 "POST /fapi/v1/order?closePosition=True&newClientOrderId=TP_10121123-ADA-L_2b369&positionSide=LONG&side=SELL&stopPrice=0.356&symbol=ADAUSDT&timestamp=1728746597980&type=TAKE_PROFIT_MARKET&signature=8b436a85eea61860b27b31519d201e7684e53bd0332615bb9581192c9bb59c6e HTTP/11" 200 None
2024-10-12 11:23:19,018 - root - DEBUG - take_profit_line posted to binance: {'entry': 'TP', 'side': 'SELL', 'position_side': 'LONG', 'distance': 0.05, 'price': 0.356, 'quantity': 0, 'cost': 0, 'order_id': 44806471852, 'status': 'NEW', 'client_order_id': 'TP_10121123-ADA-L_2b369'}
2024-10-12 11:23:19,020 - root - DEBUG - take_profit_line binance response: {'orderId': 44806471852, 'symbol': 'ADAUSDT', 'status': 'NEW', 'clientOrderId': 'TP_10121123-ADA-L_2b369', 'price': '0.00000', 'avgPrice': '0.00', 'origQty': '0', 'executedQty': '0', 'cumQty': '0', 'cumQuote': '0.00000', 'timeInForce': 'GTC', 'type': 'TAKE_PROFIT_MARKET', 'reduceOnly': True, 'closePosition': True, 'side': 'SELL', 'positionSide': 'LONG', 'stopPrice': '0.35600', 'workingType': 'CONTRACT_PRICE', 'priceProtect': False, 'origType': 'TAKE_PROFIT_MARKET', 'priceMatch': 'NONE', 'selfTradePreventionMode': 'NONE', 'goodTillDate': 0, 'updateTime': 1728746599491}
2024-10-12 11:23:19,027 - root - INFO - WRITTING DATA_GRID FILE...
2024-10-12 11:23:19,030 - root - INFO - Successfully saved data_grid to ops/10121123-ADA-L.json.
2024-10-12 11:23:45,601 - urllib3.connectionpool - DEBUG - Starting new HTTPS connection (1): api.binance.com:443
2024-10-12 11:23:45,961 - urllib3.connectionpool - DEBUG - https://api.binance.com:443 "GET /api/v3/ping HTTP/11" 200 2
2024-10-12 11:23:48,610 - urllib3.connectionpool - DEBUG - Starting new HTTPS connection (1): fapi.binance.com:443
2024-10-12 11:23:49,485 - urllib3.connectionpool - DEBUG - https://fapi.binance.com:443 "GET /fapi/v1/exchangeInfo HTTP/11" 200 None
2024-10-12 11:24:03,129 - root - INFO - READING DATA_GRID FILE...
2024-10-12 11:24:03,130 - root - INFO - Successfully loaded data_grid file: ops/10121124-ADA-S.json
2024-10-12 11:24:03,133 - urllib3.connectionpool - DEBUG - Starting new HTTPS connection (1): api.binance.com:443
2024-10-12 11:24:03,479 - urllib3.connectionpool - DEBUG - https://api.binance.com:443 "GET /api/v3/ping HTTP/11" 200 2
2024-10-12 11:24:03,481 - root - INFO - POSTING ENTRY ORDER TO BINANCE...
2024-10-12 11:24:03,485 - urllib3.connectionpool - DEBUG - Starting new HTTPS connection (1): fapi.binance.com:443
2024-10-12 11:24:04,582 - urllib3.connectionpool - DEBUG - https://fapi.binance.com:443 "POST /fapi/v1/order?newClientOrderId=IN_10121124-ADA-S_19ebd&positionSide=SHORT&price=0.36&quantity=27.0&side=SELL&symbol=ADAUSDT&timeInForce=GTC&timestamp=1728746643483&type=LIMIT&signature=bffc2822e38523623286b1289b980cf857962c9b4d855b6a3240a8851bfec80a HTTP/11" 200 None
2024-10-12 11:24:04,583 - root - DEBUG - entry_line posted to binance: {'entry': 'IN', 'side': 'SELL', 'position_side': 'SHORT', 'price': 0.36, 'quantity': 27.0, 'cost': 9.72, 'order_id': 44806480077, 'status': 'NEW', 'client_order_id': 'IN_10121124-ADA-S_19ebd'}
2024-10-12 11:24:04,584 - root - DEBUG - Binance response: {'orderId': 44806480077, 'symbol': 'ADAUSDT', 'status': 'NEW', 'clientOrderId': 'IN_10121124-ADA-S_19ebd', 'price': '0.36000', 'avgPrice': '0.00', 'origQty': '27', 'executedQty': '0', 'cumQty': '0', 'cumQuote': '0.00000', 'timeInForce': 'GTC', 'type': 'LIMIT', 'reduceOnly': False, 'closePosition': False, 'side': 'SELL', 'positionSide': 'SHORT', 'stopPrice': '0.00000', 'workingType': 'CONTRACT_PRICE', 'priceProtect': False, 'origType': 'LIMIT', 'priceMatch': 'NONE', 'selfTradePreventionMode': 'NONE', 'goodTillDate': 0, 'updateTime': 1728746645074}
2024-10-12 11:24:04,586 - root - INFO - GENERATING DATA_GRID...
2024-10-12 11:24:04,587 - root - DEBUG - data_grid[grid_body]: [{'entry': 1, 'side': 'SELL', 'position_side': 'SHORT', 'price': 0.3672, 'quantity': 38.0, 'cost': 13.88}, {'entry': 2, 'side': 'SELL', 'position_side': 'SHORT', 'price': 0.3745, 'quantity': 53.0, 'cost': 19.82}, {'entry': 3, 'side': 'SELL', 'position_side': 'SHORT', 'price': 0.382, 'quantity': 74.0, 'cost': 28.3}, {'entry': 4, 'side': 'SELL', 'position_side': 'SHORT', 'price': 0.3897, 'quantity': 104.0, 'cost': 40.42}, {'entry': 5, 'side': 'SELL', 'position_side': 'SHORT', 'price': 0.3975, 'quantity': 145.0, 'cost': 57.72}, {'entry': 6, 'side': 'SELL', 'position_side': 'SHORT', 'price': 0.4054, 'quantity': 203.0, 'cost': 82.42}]
2024-10-12 11:24:04,591 - root - DEBUG - data_grid[stop_loss_line]: {'entry': 'SL', 'side': 'BUY', 'position_side': 'SHORT', 'distance': 0.1308, 'price': 0.4071, 'quantity': 0, 'cost': 0, 'order_id': 0, 'status': 'NEW', 'client_order_id': ''}
2024-10-12 11:24:04,593 - root - DEBUG - data_grid[take_profit_line]: {'entry': 'TP', 'side': 'BUY', 'position_side': 'SHORT', 'distance': 0.05, 'price': 0.342, 'quantity': 0, 'cost': 0, 'order_id': 0, 'status': 'NEW', 'client_order_id': ''}
2024-10-12 11:24:04,594 - root - INFO - Grid generation completed. Stop loss at 0.4071, take profit at 0.342
2024-10-12 11:24:04,595 - root - INFO - POSTING GRID_BODY TO BINANCE...
2024-10-12 11:24:04,868 - urllib3.connectionpool - DEBUG - https://fapi.binance.com:443 "POST /fapi/v1/order?newClientOrderId=GD_10121124-ADA-S_46e94&positionSide=SHORT&price=0.3672&quantity=38.0&side=SELL&symbol=ADAUSDT&timeInForce=GTC&timestamp=1728746644597&type=LIMIT&signature=61b31936a84768bea106499f2a8030503b4c562b116dc0b8648086b90ac9d81a HTTP/11" 200 None
2024-10-12 11:24:04,870 - root - DEBUG - Posting grid line to binance: {'entry': 1, 'side': 'SELL', 'position_side': 'SHORT', 'price': 0.3672, 'quantity': 38.0, 'cost': 13.88, 'order_id': 44806480107, 'status': 'NEW', 'client_order_id': 'GD_10121124-ADA-S_46e94'}
2024-10-12 11:24:04,871 - root - DEBUG - Binance response: {'orderId': 44806480107, 'symbol': 'ADAUSDT', 'status': 'NEW', 'clientOrderId': 'GD_10121124-ADA-S_46e94', 'price': '0.36720', 'avgPrice': '0.00', 'origQty': '38', 'executedQty': '0', 'cumQty': '0', 'cumQuote': '0.00000', 'timeInForce': 'GTC', 'type': 'LIMIT', 'reduceOnly': False, 'closePosition': False, 'side': 'SELL', 'positionSide': 'SHORT', 'stopPrice': '0.00000', 'workingType': 'CONTRACT_PRICE', 'priceProtect': False, 'origType': 'LIMIT', 'priceMatch': 'NONE', 'selfTradePreventionMode': 'NONE', 'goodTillDate': 0, 'updateTime': 1728746645361}
2024-10-12 11:24:05,151 - urllib3.connectionpool - DEBUG - https://fapi.binance.com:443 "POST /fapi/v1/order?newClientOrderId=GD_10121124-ADA-S_5dbd0&positionSide=SHORT&price=0.3745&quantity=53.0&side=SELL&symbol=ADAUSDT&timeInForce=GTC&timestamp=1728746644875&type=LIMIT&signature=66647cfef8c3e257cabb30cd3b3e55b514bfc1bf67b757640baa6d8d9ae74ba2 HTTP/11" 200 None
2024-10-12 11:24:05,153 - root - DEBUG - Posting grid line to binance: {'entry': 2, 'side': 'SELL', 'position_side': 'SHORT', 'price': 0.3745, 'quantity': 53.0, 'cost': 19.82, 'order_id': 44806480126, 'status': 'NEW', 'client_order_id': 'GD_10121124-ADA-S_5dbd0'}
2024-10-12 11:24:05,154 - root - DEBUG - Binance response: {'orderId': 44806480126, 'symbol': 'ADAUSDT', 'status': 'NEW', 'clientOrderId': 'GD_10121124-ADA-S_5dbd0', 'price': '0.37450', 'avgPrice': '0.00', 'origQty': '53', 'executedQty': '0', 'cumQty': '0', 'cumQuote': '0.00000', 'timeInForce': 'GTC', 'type': 'LIMIT', 'reduceOnly': False, 'closePosition': False, 'side': 'SELL', 'positionSide': 'SHORT', 'stopPrice': '0.00000', 'workingType': 'CONTRACT_PRICE', 'priceProtect': False, 'origType': 'LIMIT', 'priceMatch': 'NONE', 'selfTradePreventionMode': 'NONE', 'goodTillDate': 0, 'updateTime': 1728746645639}
2024-10-12 11:24:05,437 - urllib3.connectionpool - DEBUG - https://fapi.binance.com:443 "POST /fapi/v1/order?newClientOrderId=GD_10121124-ADA-S_a654c&positionSide=SHORT&price=0.382&quantity=74.0&side=SELL&symbol=ADAUSDT&timeInForce=GTC&timestamp=1728746645164&type=LIMIT&signature=65452836021749f68f0381ca617e03142b3aeb3ebf3f7c443596b36fb8d69705 HTTP/11" 200 None
2024-10-12 11:24:05,442 - root - DEBUG - Posting grid line to binance: {'entry': 3, 'side': 'SELL', 'position_side': 'SHORT', 'price': 0.382, 'quantity': 74.0, 'cost': 28.3, 'order_id': 44806480163, 'status': 'NEW', 'client_order_id': 'GD_10121124-ADA-S_a654c'}
2024-10-12 11:24:05,444 - root - DEBUG - Binance response: {'orderId': 44806480163, 'symbol': 'ADAUSDT', 'status': 'NEW', 'clientOrderId': 'GD_10121124-ADA-S_a654c', 'price': '0.38200', 'avgPrice': '0.00', 'origQty': '74', 'executedQty': '0', 'cumQty': '0', 'cumQuote': '0.00000', 'timeInForce': 'GTC', 'type': 'LIMIT', 'reduceOnly': False, 'closePosition': False, 'side': 'SELL', 'positionSide': 'SHORT', 'stopPrice': '0.00000', 'workingType': 'CONTRACT_PRICE', 'priceProtect': False, 'origType': 'LIMIT', 'priceMatch': 'NONE', 'selfTradePreventionMode': 'NONE', 'goodTillDate': 0, 'updateTime': 1728746645927}
2024-10-12 11:24:05,716 - urllib3.connectionpool - DEBUG - https://fapi.binance.com:443 "POST /fapi/v1/order?newClientOrderId=GD_10121124-ADA-S_0c84e&positionSide=SHORT&price=0.3897&quantity=104.0&side=SELL&symbol=ADAUSDT&timeInForce=GTC&timestamp=1728746645445&type=LIMIT&signature=6484c2e07b2ed0298a4903fd114587243c37728730bc3d6dd7fd296549f56733 HTTP/11" 200 None
2024-10-12 11:24:05,718 - root - DEBUG - Posting grid line to binance: {'entry': 4, 'side': 'SELL', 'position_side': 'SHORT', 'price': 0.3897, 'quantity': 104.0, 'cost': 40.42, 'order_id': 44806480192, 'status': 'NEW', 'client_order_id': 'GD_10121124-ADA-S_0c84e'}
2024-10-12 11:24:05,721 - root - DEBUG - Binance response: {'orderId': 44806480192, 'symbol': 'ADAUSDT', 'status': 'NEW', 'clientOrderId': 'GD_10121124-ADA-S_0c84e', 'price': '0.38970', 'avgPrice': '0.00', 'origQty': '104', 'executedQty': '0', 'cumQty': '0', 'cumQuote': '0.00000', 'timeInForce': 'GTC', 'type': 'LIMIT', 'reduceOnly': False, 'closePosition': False, 'side': 'SELL', 'positionSide': 'SHORT', 'stopPrice': '0.00000', 'workingType': 'CONTRACT_PRICE', 'priceProtect': False, 'origType': 'LIMIT', 'priceMatch': 'NONE', 'selfTradePreventionMode': 'NONE', 'goodTillDate': 0, 'updateTime': 1728746646209}
2024-10-12 11:24:05,999 - urllib3.connectionpool - DEBUG - https://fapi.binance.com:443 "POST /fapi/v1/order?newClientOrderId=GD_10121124-ADA-S_4dcf1&positionSide=SHORT&price=0.3975&quantity=145.0&side=SELL&symbol=ADAUSDT&timeInForce=GTC&timestamp=1728746645728&type=LIMIT&signature=f833d6cbee82a1546e0bf3eebee76966aef4c4a3403de547052478b9de252216 HTTP/11" 200 None
2024-10-12 11:24:06,001 - root - DEBUG - Posting grid line to binance: {'entry': 5, 'side': 'SELL', 'position_side': 'SHORT', 'price': 0.3975, 'quantity': 145.0, 'cost': 57.72, 'order_id': 44806480239, 'status': 'NEW', 'client_order_id': 'GD_10121124-ADA-S_4dcf1'}
2024-10-12 11:24:06,004 - root - DEBUG - Binance response: {'orderId': 44806480239, 'symbol': 'ADAUSDT', 'status': 'NEW', 'clientOrderId': 'GD_10121124-ADA-S_4dcf1', 'price': '0.39750', 'avgPrice': '0.00', 'origQty': '145', 'executedQty': '0', 'cumQty': '0', 'cumQuote': '0.00000', 'timeInForce': 'GTC', 'type': 'LIMIT', 'reduceOnly': False, 'closePosition': False, 'side': 'SELL', 'positionSide': 'SHORT', 'stopPrice': '0.00000', 'workingType': 'CONTRACT_PRICE', 'priceProtect': False, 'origType': 'LIMIT', 'priceMatch': 'NONE', 'selfTradePreventionMode': 'NONE', 'goodTillDate': 0, 'updateTime': 1728746646492}
2024-10-12 11:24:06,283 - urllib3.connectionpool - DEBUG - https://fapi.binance.com:443 "POST /fapi/v1/order?newClientOrderId=GD_10121124-ADA-S_d50ce&positionSide=SHORT&price=0.4054&quantity=203.0&side=SELL&symbol=ADAUSDT&timeInForce=GTC&timestamp=1728746646011&type=LIMIT&signature=34a5cf54279204ad9d4920af740401d7cc005ca267497b3fda84632a79854c38 HTTP/11" 200 None
2024-10-12 11:24:06,285 - root - DEBUG - Posting grid line to binance: {'entry': 6, 'side': 'SELL', 'position_side': 'SHORT', 'price': 0.4054, 'quantity': 203.0, 'cost': 82.42, 'order_id': 44806480269, 'status': 'NEW', 'client_order_id': 'GD_10121124-ADA-S_d50ce'}
2024-10-12 11:24:06,287 - root - DEBUG - Binance response: {'orderId': 44806480269, 'symbol': 'ADAUSDT', 'status': 'NEW', 'clientOrderId': 'GD_10121124-ADA-S_d50ce', 'price': '0.40540', 'avgPrice': '0.00', 'origQty': '203', 'executedQty': '0', 'cumQty': '0', 'cumQuote': '0.00000', 'timeInForce': 'GTC', 'type': 'LIMIT', 'reduceOnly': False, 'closePosition': False, 'side': 'SELL', 'positionSide': 'SHORT', 'stopPrice': '0.00000', 'workingType': 'CONTRACT_PRICE', 'priceProtect': False, 'origType': 'LIMIT', 'priceMatch': 'NONE', 'selfTradePreventionMode': 'NONE', 'goodTillDate': 0, 'updateTime': 1728746646775}
2024-10-12 11:24:06,288 - root - INFO - POSTING STOP LOSS ORDER TO BINANCE...
2024-10-12 11:24:06,561 - urllib3.connectionpool - DEBUG - https://fapi.binance.com:443 "POST /fapi/v1/order?closePosition=True&newClientOrderId=SL_10121124-ADA-S_8acb1&positionSide=SHORT&side=BUY&stopPrice=0.4071&symbol=ADAUSDT&timestamp=1728746646291&type=STOP_MARKET&signature=7a799bb780f4781cef50c3b6ee36222039961bd01b87808e89a6ee30f3bf56ac HTTP/11" 200 None
2024-10-12 11:24:06,563 - root - DEBUG - stop_loss_line posted to binance: {'entry': 'SL', 'side': 'BUY', 'position_side': 'SHORT', 'distance': 0.1308, 'price': 0.4071, 'quantity': 0, 'cost': 0, 'order_id': 44806480289, 'status': 'NEW', 'client_order_id': 'SL_10121124-ADA-S_8acb1'}
2024-10-12 11:24:06,564 - root - DEBUG - stop_loss_line binance response: {'orderId': 44806480289, 'symbol': 'ADAUSDT', 'status': 'NEW', 'clientOrderId': 'SL_10121124-ADA-S_8acb1', 'price': '0.00000', 'avgPrice': '0.00', 'origQty': '0', 'executedQty': '0', 'cumQty': '0', 'cumQuote': '0.00000', 'timeInForce': 'GTC', 'type': 'STOP_MARKET', 'reduceOnly': True, 'closePosition': True, 'side': 'BUY', 'positionSide': 'SHORT', 'stopPrice': '0.40710', 'workingType': 'CONTRACT_PRICE', 'priceProtect': False, 'origType': 'STOP_MARKET', 'priceMatch': 'NONE', 'selfTradePreventionMode': 'NONE', 'goodTillDate': 0, 'updateTime': 1728746647054}
2024-10-12 11:24:06,565 - root - INFO - POSTING TAKE PROFIT ORDER TO BINANCE...
2024-10-12 11:24:06,834 - urllib3.connectionpool - DEBUG - https://fapi.binance.com:443 "POST /fapi/v1/order?closePosition=True&newClientOrderId=TP_10121124-ADA-S_bf3be&positionSide=SHORT&side=BUY&stopPrice=0.342&symbol=ADAUSDT&timestamp=1728746646567&type=TAKE_PROFIT_MARKET&signature=753b936152de45353f0eaf9cb4d824571c7bf485fe4dbfb03622cc17cedb39b1 HTTP/11" 200 None
2024-10-12 11:24:06,840 - root - DEBUG - take_profit_line posted to binance: {'entry': 'TP', 'side': 'BUY', 'position_side': 'SHORT', 'distance': 0.05, 'price': 0.342, 'quantity': 0, 'cost': 0, 'order_id': 44806480300, 'status': 'NEW', 'client_order_id': 'TP_10121124-ADA-S_bf3be'}
2024-10-12 11:24:06,843 - root - DEBUG - take_profit_line binance response: {'orderId': 44806480300, 'symbol': 'ADAUSDT', 'status': 'NEW', 'clientOrderId': 'TP_10121124-ADA-S_bf3be', 'price': '0.00000', 'avgPrice': '0.00', 'origQty': '0', 'executedQty': '0', 'cumQty': '0', 'cumQuote': '0.00000', 'timeInForce': 'GTC', 'type': 'TAKE_PROFIT_MARKET', 'reduceOnly': True, 'closePosition': True, 'side': 'BUY', 'positionSide': 'SHORT', 'stopPrice': '0.34200', 'workingType': 'CONTRACT_PRICE', 'priceProtect': False, 'origType': 'TAKE_PROFIT_MARKET', 'priceMatch': 'NONE', 'selfTradePreventionMode': 'NONE', 'goodTillDate': 0, 'updateTime': 1728746647328}
2024-10-12 11:24:06,846 - root - INFO - WRITTING DATA_GRID FILE...
2024-10-12 11:24:06,848 - root - INFO - Successfully saved data_grid to ops/10121124-ADA-S.json.
2024-10-12 11:25:48,285 - urllib3.connectionpool - DEBUG - Starting new HTTPS connection (1): api.binance.com:443
2024-10-12 11:25:48,710 - urllib3.connectionpool - DEBUG - https://api.binance.com:443 "GET /api/v3/ping HTTP/11" 200 2
2024-10-12 11:25:52,850 - urllib3.connectionpool - DEBUG - Starting new HTTPS connection (1): fapi.binance.com:443
2024-10-12 11:25:54,279 - urllib3.connectionpool - DEBUG - https://fapi.binance.com:443 "GET /fapi/v1/exchangeInfo HTTP/11" 200 None
