2024-10-13 19:22:47,331 - root - INFO - READING DATA_GRID FILE...
2024-10-13 19:22:47,339 - root - INFO - Successfully loaded data_grid file: ops/ADAUSDT-LONG.json
2024-10-13 19:22:47,348 - urllib3.connectionpool - DEBUG - Starting new HTTPS connection (1): api.binance.com:443
2024-10-13 19:22:47,723 - urllib3.connectionpool - DEBUG - https://api.binance.com:443 "GET /api/v3/ping HTTP/11" 200 2
2024-10-13 19:22:47,724 - root - INFO - GENERATING DATA_GRID...
2024-10-13 19:22:47,725 - root - DEBUG - data_grid[grid_body]: [{'entry': 1, 'side': 'BUY', 'position_side': 'LONG', 'price': 0.3283, 'quantity': 42.0, 'cost': 13.79}, {'entry': 2, 'side': 'BUY', 'position_side': 'LONG', 'price': 0.3217, 'quantity': 59.0, 'cost': 18.92}, {'entry': 3, 'side': 'BUY', 'position_side': 'LONG', 'price': 0.3153, 'quantity': 82.0, 'cost': 25.96}, {'entry': 4, 'side': 'BUY', 'position_side': 'LONG', 'price': 0.309, 'quantity': 115.0, 'cost': 35.61}, {'entry': 5, 'side': 'BUY', 'position_side': 'LONG', 'price': 0.3028, 'quantity': 161.0, 'cost': 48.86}, {'entry': 6, 'side': 'BUY', 'position_side': 'LONG', 'price': 0.2968, 'quantity': 226.0, 'cost': 67.03}]
2024-10-13 19:22:47,726 - root - DEBUG - data_grid[stop_loss_line]: {'entry': 'SL', 'side': 'SELL', 'position_side': 'LONG', 'distance': 0.1233, 'price': 0.2937, 'quantity': 0, 'cost': 0, 'order_id': 0, 'status': 'NEW', 'client_order_id': ''}
2024-10-13 19:22:47,728 - root - DEBUG - data_grid[take_profit_line]: {'entry': 'TP', 'side': 'SELL', 'position_side': 'LONG', 'distance': 0.05, 'price': 0.3518, 'quantity': 0, 'cost': 0, 'order_id': 0, 'status': 'NEW', 'client_order_id': ''}
2024-10-13 19:22:47,729 - root - INFO - Grid generation completed. Stop loss at 0.2937, take profit at 0.3518
2024-10-13 19:22:47,731 - root - INFO - POSTING ENTRY ORDER TO BINANCE...
2024-10-13 19:22:47,741 - urllib3.connectionpool - DEBUG - Starting new HTTPS connection (1): fapi.binance.com:443
2024-10-13 19:22:55,167 - urllib3.connectionpool - DEBUG - https://fapi.binance.com:443 "POST /fapi/v1/order?newClientOrderId=IN_ADAUSDT-LONG_7385a&positionSide=LONG&price=0.335&quantity=30.0&side=BUY&symbol=ADAUSDT&timeInForce=GTC&timestamp=1728861767732&type=LIMIT&signature=4aae00d3c6a438a11073db97aee30918f2dcbb4a538fcb5b66e63b86404714db HTTP/11" 400 79
2024-10-13 19:22:55,171 - root - ERROR - Error placing entry_line order: {'entry': 'IN', 'side': 'BUY', 'position_side': 'LONG', 'price': 0.335, 'quantity': 30.0, 'cost': 10.05, 'order_id': 0, 'status': 'NEW', 'client_order_id': ''} 
 APIError(code=-1021): Timestamp for this request is outside of the recvWindow.
Traceback (most recent call last):
  File "/Users/eddysan/Documents/lubinance_dev/packages.py", line 357, in post_entry_order
    response = self.client.futures_create_order(
               ^^^^^^^^^^^^^^^^^^^^^^^^^^^^^^^^^
  File "/opt/anaconda3/lib/python3.12/site-packages/binance/client.py", line 6504, in futures_create_order
    return self._request_futures_api('post', 'order', True, data=params)
           ^^^^^^^^^^^^^^^^^^^^^^^^^^^^^^^^^^^^^^^^^^^^^^^^^^^^^^^^^^^^^
  File "/opt/anaconda3/lib/python3.12/site-packages/binance/client.py", line 383, in _request_futures_api
    return self._request(method, uri, signed, True, **kwargs)
           ^^^^^^^^^^^^^^^^^^^^^^^^^^^^^^^^^^^^^^^^^^^^^^^^^^
  File "/opt/anaconda3/lib/python3.12/site-packages/binance/client.py", line 359, in _request
    return self._handle_response(self.response)
           ^^^^^^^^^^^^^^^^^^^^^^^^^^^^^^^^^^^^
  File "/opt/anaconda3/lib/python3.12/site-packages/binance/client.py", line 368, in _handle_response
    raise BinanceAPIException(response, response.status_code, response.text)
binance.exceptions.BinanceAPIException: APIError(code=-1021): Timestamp for this request is outside of the recvWindow.
2024-10-13 19:22:55,183 - root - INFO - POSTING GRID_BODY TO BINANCE...
2024-10-13 19:22:55,477 - urllib3.connectionpool - DEBUG - https://fapi.binance.com:443 "POST /fapi/v1/order?newClientOrderId=GD_ADAUSDT-LONG_fd0e8&positionSide=LONG&price=0.3283&quantity=42.0&side=BUY&symbol=ADAUSDT&timeInForce=GTC&timestamp=1728861775184&type=LIMIT&signature=5b50e6e1ffb40d9cf7021f6c9f6dffd4634743d45b89817d129fd74604d34688 HTTP/11" 200 None
2024-10-13 19:22:55,479 - root - DEBUG - Posting grid line to binance: {'entry': 1, 'side': 'BUY', 'position_side': 'LONG', 'price': 0.3283, 'quantity': 42.0, 'cost': 13.79, 'order_id': 44825566308, 'status': 'NEW', 'client_order_id': 'GD_ADAUSDT-LONG_fd0e8'}
2024-10-13 19:22:55,481 - root - DEBUG - Binance response: {'orderId': 44825566308, 'symbol': 'ADAUSDT', 'status': 'NEW', 'clientOrderId': 'GD_ADAUSDT-LONG_fd0e8', 'price': '0.32830', 'avgPrice': '0.00', 'origQty': '42', 'executedQty': '0', 'cumQty': '0', 'cumQuote': '0.00000', 'timeInForce': 'GTC', 'type': 'LIMIT', 'reduceOnly': False, 'closePosition': False, 'side': 'BUY', 'positionSide': 'LONG', 'stopPrice': '0.00000', 'workingType': 'CONTRACT_PRICE', 'priceProtect': False, 'origType': 'LIMIT', 'priceMatch': 'NONE', 'selfTradePreventionMode': 'NONE', 'goodTillDate': 0, 'updateTime': 1728861775696}
2024-10-13 19:22:55,771 - urllib3.connectionpool - DEBUG - https://fapi.binance.com:443 "POST /fapi/v1/order?newClientOrderId=GD_ADAUSDT-LONG_42566&positionSide=LONG&price=0.3217&quantity=59.0&side=BUY&symbol=ADAUSDT&timeInForce=GTC&timestamp=1728861775482&type=LIMIT&signature=f17edc54b61ba19e71538387ffb32f0c883b19d66e235466cef0cebf56f12263 HTTP/11" 200 None
2024-10-13 19:22:55,772 - root - DEBUG - Posting grid line to binance: {'entry': 2, 'side': 'BUY', 'position_side': 'LONG', 'price': 0.3217, 'quantity': 59.0, 'cost': 18.92, 'order_id': 44825566319, 'status': 'NEW', 'client_order_id': 'GD_ADAUSDT-LONG_42566'}
2024-10-13 19:22:55,773 - root - DEBUG - Binance response: {'orderId': 44825566319, 'symbol': 'ADAUSDT', 'status': 'NEW', 'clientOrderId': 'GD_ADAUSDT-LONG_42566', 'price': '0.32170', 'avgPrice': '0.00', 'origQty': '59', 'executedQty': '0', 'cumQty': '0', 'cumQuote': '0.00000', 'timeInForce': 'GTC', 'type': 'LIMIT', 'reduceOnly': False, 'closePosition': False, 'side': 'BUY', 'positionSide': 'LONG', 'stopPrice': '0.00000', 'workingType': 'CONTRACT_PRICE', 'priceProtect': False, 'origType': 'LIMIT', 'priceMatch': 'NONE', 'selfTradePreventionMode': 'NONE', 'goodTillDate': 0, 'updateTime': 1728861775991}
2024-10-13 19:22:56,062 - urllib3.connectionpool - DEBUG - https://fapi.binance.com:443 "POST /fapi/v1/order?newClientOrderId=GD_ADAUSDT-LONG_d42b1&positionSide=LONG&price=0.3153&quantity=82.0&side=BUY&symbol=ADAUSDT&timeInForce=GTC&timestamp=1728861775777&type=LIMIT&signature=0a6047ab80daaca10ad156864f4bd6471a0817ffc49c94f5def33df4c1b3cfd6 HTTP/11" 200 None
2024-10-13 19:22:56,066 - root - DEBUG - Posting grid line to binance: {'entry': 3, 'side': 'BUY', 'position_side': 'LONG', 'price': 0.3153, 'quantity': 82.0, 'cost': 25.96, 'order_id': 44825566334, 'status': 'NEW', 'client_order_id': 'GD_ADAUSDT-LONG_d42b1'}
2024-10-13 19:22:56,067 - root - DEBUG - Binance response: {'orderId': 44825566334, 'symbol': 'ADAUSDT', 'status': 'NEW', 'clientOrderId': 'GD_ADAUSDT-LONG_d42b1', 'price': '0.31530', 'avgPrice': '0.00', 'origQty': '82', 'executedQty': '0', 'cumQty': '0', 'cumQuote': '0.00000', 'timeInForce': 'GTC', 'type': 'LIMIT', 'reduceOnly': False, 'closePosition': False, 'side': 'BUY', 'positionSide': 'LONG', 'stopPrice': '0.00000', 'workingType': 'CONTRACT_PRICE', 'priceProtect': False, 'origType': 'LIMIT', 'priceMatch': 'NONE', 'selfTradePreventionMode': 'NONE', 'goodTillDate': 0, 'updateTime': 1728861776290}
2024-10-13 19:22:56,348 - urllib3.connectionpool - DEBUG - https://fapi.binance.com:443 "POST /fapi/v1/order?newClientOrderId=GD_ADAUSDT-LONG_134c4&positionSide=LONG&price=0.309&quantity=115.0&side=BUY&symbol=ADAUSDT&timeInForce=GTC&timestamp=1728861776072&type=LIMIT&signature=a41a200150ea4bef2afec43339e94fcd5dbab71471a4f65f467a0265f42fb220 HTTP/11" 200 None
2024-10-13 19:22:56,354 - root - DEBUG - Posting grid line to binance: {'entry': 4, 'side': 'BUY', 'position_side': 'LONG', 'price': 0.309, 'quantity': 115.0, 'cost': 35.61, 'order_id': 44825566348, 'status': 'NEW', 'client_order_id': 'GD_ADAUSDT-LONG_134c4'}
2024-10-13 19:22:56,355 - root - DEBUG - Binance response: {'orderId': 44825566348, 'symbol': 'ADAUSDT', 'status': 'NEW', 'clientOrderId': 'GD_ADAUSDT-LONG_134c4', 'price': '0.30900', 'avgPrice': '0.00', 'origQty': '115', 'executedQty': '0', 'cumQty': '0', 'cumQuote': '0.00000', 'timeInForce': 'GTC', 'type': 'LIMIT', 'reduceOnly': False, 'closePosition': False, 'side': 'BUY', 'positionSide': 'LONG', 'stopPrice': '0.00000', 'workingType': 'CONTRACT_PRICE', 'priceProtect': False, 'origType': 'LIMIT', 'priceMatch': 'NONE', 'selfTradePreventionMode': 'NONE', 'goodTillDate': 0, 'updateTime': 1728861776577}
2024-10-13 19:22:56,637 - urllib3.connectionpool - DEBUG - https://fapi.binance.com:443 "POST /fapi/v1/order?newClientOrderId=GD_ADAUSDT-LONG_7cf46&positionSide=LONG&price=0.3028&quantity=161.0&side=BUY&symbol=ADAUSDT&timeInForce=GTC&timestamp=1728861776357&type=LIMIT&signature=7d68ba8ac78fc373b97222c1dda197e08fc84a7305c37069759fba7b216f610d HTTP/11" 200 None
2024-10-13 19:22:56,638 - root - DEBUG - Posting grid line to binance: {'entry': 5, 'side': 'BUY', 'position_side': 'LONG', 'price': 0.3028, 'quantity': 161.0, 'cost': 48.86, 'order_id': 44825566399, 'status': 'NEW', 'client_order_id': 'GD_ADAUSDT-LONG_7cf46'}
2024-10-13 19:22:56,639 - root - DEBUG - Binance response: {'orderId': 44825566399, 'symbol': 'ADAUSDT', 'status': 'NEW', 'clientOrderId': 'GD_ADAUSDT-LONG_7cf46', 'price': '0.30280', 'avgPrice': '0.00', 'origQty': '161', 'executedQty': '0', 'cumQty': '0', 'cumQuote': '0.00000', 'timeInForce': 'GTC', 'type': 'LIMIT', 'reduceOnly': False, 'closePosition': False, 'side': 'BUY', 'positionSide': 'LONG', 'stopPrice': '0.00000', 'workingType': 'CONTRACT_PRICE', 'priceProtect': False, 'origType': 'LIMIT', 'priceMatch': 'NONE', 'selfTradePreventionMode': 'NONE', 'goodTillDate': 0, 'updateTime': 1728861776863}
2024-10-13 19:22:56,920 - urllib3.connectionpool - DEBUG - https://fapi.binance.com:443 "POST /fapi/v1/order?newClientOrderId=GD_ADAUSDT-LONG_64e22&positionSide=LONG&price=0.2968&quantity=226.0&side=BUY&symbol=ADAUSDT&timeInForce=GTC&timestamp=1728861776641&type=LIMIT&signature=a74f52516b7b12dbdeab940ca82f22733b5e3fcb9535155c87f52cc0b6232848 HTTP/11" 200 None
2024-10-13 19:22:56,922 - root - DEBUG - Posting grid line to binance: {'entry': 6, 'side': 'BUY', 'position_side': 'LONG', 'price': 0.2968, 'quantity': 226.0, 'cost': 67.03, 'order_id': 44825566455, 'status': 'NEW', 'client_order_id': 'GD_ADAUSDT-LONG_64e22'}
2024-10-13 19:22:56,924 - root - DEBUG - Binance response: {'orderId': 44825566455, 'symbol': 'ADAUSDT', 'status': 'NEW', 'clientOrderId': 'GD_ADAUSDT-LONG_64e22', 'price': '0.29680', 'avgPrice': '0.00', 'origQty': '226', 'executedQty': '0', 'cumQty': '0', 'cumQuote': '0.00000', 'timeInForce': 'GTC', 'type': 'LIMIT', 'reduceOnly': False, 'closePosition': False, 'side': 'BUY', 'positionSide': 'LONG', 'stopPrice': '0.00000', 'workingType': 'CONTRACT_PRICE', 'priceProtect': False, 'origType': 'LIMIT', 'priceMatch': 'NONE', 'selfTradePreventionMode': 'NONE', 'goodTillDate': 0, 'updateTime': 1728861777147}
2024-10-13 19:22:56,926 - root - INFO - POSTING STOP LOSS ORDER TO BINANCE...
2024-10-13 19:22:57,215 - urllib3.connectionpool - DEBUG - https://fapi.binance.com:443 "POST /fapi/v1/order?closePosition=True&newClientOrderId=SL_ADAUSDT-LONG_28880&positionSide=LONG&side=SELL&stopPrice=0.2937&symbol=ADAUSDT&timestamp=1728861776928&type=STOP_MARKET&signature=5c791d0771ce4c15516904e7180ed98576897541785fd3822cf3a480c99c6117 HTTP/11" 200 None
2024-10-13 19:22:57,226 - root - DEBUG - stop_loss_line posted to binance: {'entry': 'SL', 'side': 'SELL', 'position_side': 'LONG', 'distance': 0.1233, 'price': 0.2937, 'quantity': 0, 'cost': 0, 'order_id': 44825566530, 'status': 'NEW', 'client_order_id': 'SL_ADAUSDT-LONG_28880'}
2024-10-13 19:22:57,229 - root - DEBUG - stop_loss_line binance response: {'orderId': 44825566530, 'symbol': 'ADAUSDT', 'status': 'NEW', 'clientOrderId': 'SL_ADAUSDT-LONG_28880', 'price': '0.00000', 'avgPrice': '0.00', 'origQty': '0', 'executedQty': '0', 'cumQty': '0', 'cumQuote': '0.00000', 'timeInForce': 'GTC', 'type': 'STOP_MARKET', 'reduceOnly': True, 'closePosition': True, 'side': 'SELL', 'positionSide': 'LONG', 'stopPrice': '0.29370', 'workingType': 'CONTRACT_PRICE', 'priceProtect': False, 'origType': 'STOP_MARKET', 'priceMatch': 'NONE', 'selfTradePreventionMode': 'NONE', 'goodTillDate': 0, 'updateTime': 1728861777435}
2024-10-13 19:22:57,233 - root - INFO - POSTING TAKE PROFIT ORDER TO BINANCE...
2024-10-13 19:22:57,523 - urllib3.connectionpool - DEBUG - https://fapi.binance.com:443 "POST /fapi/v1/order?closePosition=True&newClientOrderId=TP_ADAUSDT-LONG_360e4&positionSide=LONG&side=SELL&stopPrice=0.3518&symbol=ADAUSDT&timestamp=1728861777242&type=TAKE_PROFIT_MARKET&signature=5ebef8eae207acb22687ecb237cffb361ecbb814b3d2c8e53ab01297b0ec7cd0 HTTP/11" 200 None
2024-10-13 19:22:57,526 - root - DEBUG - take_profit_line posted to binance: {'entry': 'TP', 'side': 'SELL', 'position_side': 'LONG', 'distance': 0.05, 'price': 0.3518, 'quantity': 0, 'cost': 0, 'order_id': 44825566536, 'status': 'NEW', 'client_order_id': 'TP_ADAUSDT-LONG_360e4'}
2024-10-13 19:22:57,527 - root - DEBUG - take_profit_line binance response: {'orderId': 44825566536, 'symbol': 'ADAUSDT', 'status': 'NEW', 'clientOrderId': 'TP_ADAUSDT-LONG_360e4', 'price': '0.00000', 'avgPrice': '0.00', 'origQty': '0', 'executedQty': '0', 'cumQty': '0', 'cumQuote': '0.00000', 'timeInForce': 'GTC', 'type': 'TAKE_PROFIT_MARKET', 'reduceOnly': True, 'closePosition': True, 'side': 'SELL', 'positionSide': 'LONG', 'stopPrice': '0.35180', 'workingType': 'CONTRACT_PRICE', 'priceProtect': False, 'origType': 'TAKE_PROFIT_MARKET', 'priceMatch': 'NONE', 'selfTradePreventionMode': 'NONE', 'goodTillDate': 0, 'updateTime': 1728861777748}
2024-10-13 19:22:57,528 - root - INFO - WRITTING DATA_GRID FILE...
2024-10-13 19:22:57,536 - root - INFO - Successfully saved data_grid to ops/ADAUSDT-LONG.json.
